# IPython log file

In []: import matplotlib.pyplot as plt
In []: a = randn(10000)
In []: plt.hist(a)
In []: plt.show()
In []: import matplotlib.pyplot as plt
In []: a = randn(10000)
In []: plt.hist(a)
In []: plt.show()
import matplotlib.pyplot as plt
a = randn(100000)
plt.hist(a)
#[Out]# (array([  7.40000000e+01,   1.04200000e+03,   6.55000000e+03,
#[Out]#          2.07220000e+04,   3.30750000e+04,   2.60620000e+04,
#[Out]#          1.02270000e+04,   2.04200000e+03,   1.94000000e+02,
#[Out]#          1.20000000e+01]), array([-4.00668416, -3.14618799, -2.28569181, -1.42519564, -0.56469946,
#[Out]#         0.29579672,  1.15629289,  2.01678907,  2.87728525,  3.73778142,
#[Out]#         4.5982776 ]), <a list of 10 Patch objects>)
plt.show()
%cd "C:\Users\c.scully\Documents\Python"
# Thu, 20 Oct 2016 10:35:58
# chase.scully 10-20-16 1.3.2

# Thu, 20 Oct 2016 10:38:15
5 + 3
#[Out]# 8
# Thu, 20 Oct 2016 10:39:20
7*2
#[Out]# 14
# Thu, 20 Oct 2016 10:39:24
7*2.
#[Out]# 14.0
# Thu, 20 Oct 2016 10:40:47
7/2
#[Out]# 3
# Thu, 20 Oct 2016 10:40:49
7/2.
#[Out]# 3.5
# Thu, 20 Oct 2016 10:42:09
#7b withought the decimal the number is rounded down to the closest whole number and witht he decimal it shows the full number

# Thu, 20 Oct 2016 10:42:21
a=2
# Thu, 20 Oct 2016 10:42:30
a = 2
# Thu, 20 Oct 2016 10:42:56
student_age = 16
# Thu, 20 Oct 2016 10:43:33
23 ** 43
#[Out]# 35834136918934220777541995677272642015423987712183913488967L
# Thu, 20 Oct 2016 10:44:12
#9 35834136918934220777541995677272642015423987712183913488967L

# Thu, 20 Oct 2016 10:53:35
def add_tip(total, tip_percent):
    
    Return the total amount including tip
    
# Thu, 20 Oct 2016 10:54:59
%run "c:\users\cfd2c~1.scu\appdata\local\temp\tmpteop9i.py"# Thu, 20 Oct 2016 10:56:05
#11 The advantage is that its a live responce and you can see all the code being processed to see if you need to correct any mistakes 

# Thu, 20 Oct 2016 10:56:56
%logstop
%cd "C:\Users\c.scully\Documents\Python"
# Tue, 25 Oct 2016 10:28:47
#13 It denies a part of code for the whole project

# Tue, 25 Oct 2016 10:55:46
%logstop
